51350215487 kdbg: 1
52448708587 kdbg: 2
53547201687 kdbg: 3
54645694787 kdbg: 4
55744187887 kdbg: 5
56842680987 kdbg: 6
57941174087 kdbg: 7
59039667187 kdbg: 8
60138160287 kdbg: 9
61236653893 kdbg: 10
62335146993 kdbg: 11
63433640093 kdbg: 12
64532133193 kdbg: 13
65630626293 kdbg: 14
66729119393 kdbg: 15
67827612493 kdbg: 16
68926105593 kdbg: 17
70024598693 kdbg: 18
71123091793 kdbg: 19
72221584893 kdbg: 20
73320077993 kdbg: 21
74418571093 kdbg: 22
75517064193 kdbg: 23
76615557293 kdbg: 24
77714050393 kdbg: 25
